{
  "uid" : "f05d34eaae5ef529",
  "name" : "testInsurence",
  "title" : "Страхование путешественников",
  "time" : {
    "start" : 1626957545620,
    "stop" : 1626957716502,
    "duration" : 170882
  },
  "summary" : {
    "attachments" : 1,
    "steps" : 3
  },
  "failure" : {
    "message" : "TimeoutException: timeout: Timed out receiving message from renderer: 30.000\n  (Session info: chrome=91.0.4472.164)\nBuild info: version: '3.141.59', revision: 'e82be7d358', time: '2018-11-14T08:17:03'\nSystem info: host: 'NB-03540', ip: '172.20.10.2', os.name: 'Windows 10', os.arch: 'amd64', os.version: '10.0', java.version: '1.8.0_281'\nDriver info: org.openqa.selenium.chrome.ChromeDriver\nCapabilities {acceptInsecureCerts: false, browserName: chrome, browserVersion: 91.0.4472.164, chrome: {chromedriverVersion: 91.0.4472.101 (af52a90bf870..., userDataDir: C:\\Users\\user\\AppData\\Local...}, goog:chromeOptions: {debuggerAddress: localhost:51860}, javascriptEnabled: true, networkConnectionEnabled: false, pageLoadStrategy: normal, platform: WINDOWS, platformName: WINDOWS, proxy: Proxy(), setWindowRect: true, strictFileInteractability: false, timeouts: {implicit: 0, pageLoad: 300000, script: 30000}, unhandledPromptBehavior: dismiss and notify, webauthn:extension:largeBlob: true, webauthn:virtualAuthenticators: true}\nSession ID: 04dcca9ac2deb46149839199334fad2d\n*** Element info: {Using=xpath, value=//button[@class='kitt-cookie-warning__close']}",
    "stackTrace" : "org.openqa.selenium.TimeoutException: timeout: Timed out receiving message from renderer: 30.000\n  (Session info: chrome=91.0.4472.164)\nBuild info: version: '3.141.59', revision: 'e82be7d358', time: '2018-11-14T08:17:03'\nSystem info: host: 'NB-03540', ip: '172.20.10.2', os.name: 'Windows 10', os.arch: 'amd64', os.version: '10.0', java.version: '1.8.0_281'\nDriver info: org.openqa.selenium.chrome.ChromeDriver\nCapabilities {acceptInsecureCerts: false, browserName: chrome, browserVersion: 91.0.4472.164, chrome: {chromedriverVersion: 91.0.4472.101 (af52a90bf870..., userDataDir: C:\\Users\\user\\AppData\\Local...}, goog:chromeOptions: {debuggerAddress: localhost:51860}, javascriptEnabled: true, networkConnectionEnabled: false, pageLoadStrategy: normal, platform: WINDOWS, platformName: WINDOWS, proxy: Proxy(), setWindowRect: true, strictFileInteractability: false, timeouts: {implicit: 0, pageLoad: 300000, script: 30000}, unhandledPromptBehavior: dismiss and notify, webauthn:extension:largeBlob: true, webauthn:virtualAuthenticators: true}\nSession ID: 04dcca9ac2deb46149839199334fad2d\n*** Element info: {Using=xpath, value=//button[@class='kitt-cookie-warning__close']}\n\tat sun.reflect.NativeConstructorAccessorImpl.newInstance0(Native Method)\n\tat sun.reflect.NativeConstructorAccessorImpl.newInstance(NativeConstructorAccessorImpl.java:62)\n\tat sun.reflect.DelegatingConstructorAccessorImpl.newInstance(DelegatingConstructorAccessorImpl.java:45)\n\tat java.lang.reflect.Constructor.newInstance(Constructor.java:423)\n\tat org.openqa.selenium.remote.http.W3CHttpResponseCodec.createException(W3CHttpResponseCodec.java:187)\n\tat org.openqa.selenium.remote.http.W3CHttpResponseCodec.decode(W3CHttpResponseCodec.java:122)\n\tat org.openqa.selenium.remote.http.W3CHttpResponseCodec.decode(W3CHttpResponseCodec.java:49)\n\tat org.openqa.selenium.remote.HttpCommandExecutor.execute(HttpCommandExecutor.java:158)\n\tat org.openqa.selenium.remote.service.DriverCommandExecutor.execute(DriverCommandExecutor.java:83)\n\tat org.openqa.selenium.remote.RemoteWebDriver.execute(RemoteWebDriver.java:552)\n\tat org.openqa.selenium.remote.RemoteWebDriver.findElement(RemoteWebDriver.java:323)\n\tat org.openqa.selenium.remote.RemoteWebDriver.findElementByXPath(RemoteWebDriver.java:428)\n\tat org.openqa.selenium.By$ByXPath.findElement(By.java:353)\n\tat org.openqa.selenium.remote.RemoteWebDriver.findElement(RemoteWebDriver.java:315)\n\tat org.openqa.selenium.support.pagefactory.DefaultElementLocator.findElement(DefaultElementLocator.java:69)\n\tat org.openqa.selenium.support.pagefactory.internal.LocatingElementHandler.invoke(LocatingElementHandler.java:38)\n\tat com.sun.proxy.$Proxy14.click(Unknown Source)\n\tat my.company.steps.PressButtonSteps.pressButtonOf(PressButtonSteps.java:10)\n\tat my.company.tests.InsurenceTest.testInsurence(InsurenceTest.java:36)\n\tat sun.reflect.NativeMethodAccessorImpl.invoke0(Native Method)\n\tat sun.reflect.NativeMethodAccessorImpl.invoke(NativeMethodAccessorImpl.java:62)\n\tat sun.reflect.DelegatingMethodAccessorImpl.invoke(DelegatingMethodAccessorImpl.java:43)\n\tat java.lang.reflect.Method.invoke(Method.java:498)\n\tat org.junit.runners.model.FrameworkMethod$1.runReflectiveCall(FrameworkMethod.java:50)\n\tat org.junit.internal.runners.model.ReflectiveCallable.run(ReflectiveCallable.java:12)\n\tat org.junit.runners.model.FrameworkMethod.invokeExplosively(FrameworkMethod.java:47)\n\tat org.junit.internal.runners.statements.InvokeMethod.evaluate(InvokeMethod.java:17)\n\tat org.junit.internal.runners.statements.RunBefores.evaluate(RunBefores.java:26)\n\tat org.junit.runners.ParentRunner.runLeaf(ParentRunner.java:325)\n\tat org.junit.runners.BlockJUnit4ClassRunner.runChild(BlockJUnit4ClassRunner.java:78)\n\tat org.junit.runners.BlockJUnit4ClassRunner.runChild(BlockJUnit4ClassRunner.java:57)\n\tat org.junit.runners.ParentRunner$3.run(ParentRunner.java:290)\n\tat org.junit.runners.ParentRunner$1.schedule(ParentRunner.java:71)\n\tat org.junit.runners.ParentRunner.runChildren(ParentRunner.java:288)\n\tat org.junit.runners.ParentRunner.access$000(ParentRunner.java:58)\n\tat org.junit.runners.ParentRunner$2.evaluate(ParentRunner.java:268)\n\tat org.junit.internal.runners.statements.RunAfters.evaluate(RunAfters.java:27)\n\tat org.junit.runners.ParentRunner.run(ParentRunner.java:363)\n\tat org.apache.maven.surefire.junit4.JUnit4Provider.execute(JUnit4Provider.java:365)\n\tat org.apache.maven.surefire.junit4.JUnit4Provider.executeWithRerun(JUnit4Provider.java:273)\n\tat org.apache.maven.surefire.junit4.JUnit4Provider.executeTestSet(JUnit4Provider.java:238)\n\tat org.apache.maven.surefire.junit4.JUnit4Provider.invoke(JUnit4Provider.java:159)\n\tat org.apache.maven.surefire.booter.ForkedBooter.runSuitesInProcess(ForkedBooter.java:377)\n\tat org.apache.maven.surefire.booter.ForkedBooter.execute(ForkedBooter.java:138)\n\tat org.apache.maven.surefire.booter.ForkedBooter.run(ForkedBooter.java:465)\n\tat org.apache.maven.surefire.booter.ForkedBooter.main(ForkedBooter.java:451)\n"
  },
  "description" : null,
  "severity" : "NORMAL",
  "status" : "BROKEN",
  "suite" : {
    "uid" : "622de7b94ed0eb6a",
    "name" : "my.company.tests.InsurenceTest",
    "title" : "Insurence test"
  },
  "steps" : [ {
    "name" : "selectMainMenu[Страхование]",
    "title" : "Выбран пункт меню Страхование",
    "time" : {
      "start" : 1626957629112,
      "stop" : 1626957656384,
      "duration" : 27272
    },
    "summary" : {
      "attachments" : 0,
      "steps" : 0
    },
    "status" : "PASSED",
    "attachments" : [ ],
    "steps" : [ ]
  }, {
    "name" : "selectSubMenu[Путешествия]",
    "title" : "Выбран вид страхования Путешествия",
    "time" : {
      "start" : 1626957656390,
      "stop" : 1626957659973,
      "duration" : 3583
    },
    "summary" : {
      "attachments" : 0,
      "steps" : 0
    },
    "status" : "PASSED",
    "attachments" : [ ],
    "steps" : [ ]
  }, {
    "name" : "pressButtonOf[Оформить онлайн]",
    "title" : "Нажать кнопку Оформить онлайн",
    "time" : {
      "start" : 1626957659977,
      "stop" : 1626957704725,
      "duration" : 44748
    },
    "summary" : {
      "attachments" : 0,
      "steps" : 0
    },
    "status" : "BROKEN",
    "attachments" : [ ],
    "steps" : [ ]
  } ],
  "attachments" : [ {
    "title" : "Screenshot",
    "source" : "471f2e10-361a-42dd-a962-4396741ee7bd-attachment.png",
    "type" : "image/png",
    "size" : 458601,
    "uid" : "176edd8f9eabb896"
  } ],
  "issues" : [ ],
  "testIds" : [ ],
  "labels" : [ {
    "name" : "framework",
    "value" : "JUnit"
  }, {
    "name" : "language",
    "value" : "JAVA"
  }, {
    "name" : "suite-name",
    "value" : "my.company.tests.InsurenceTest"
  }, {
    "name" : "host",
    "value" : "NB-03540"
  }, {
    "name" : "thread",
    "value" : "74928@NB-03540.main(1)"
  }, {
    "name" : "suite-title",
    "value" : null
  } ],
  "parameters" : [ ]
}